c:\users\adam\source\repos\game\game\debug\vc143.pdb
c:\users\adam\source\repos\game\game\debug\vc143.idb
c:\users\adam\source\repos\game\game\debug\vector2d.obj
c:\users\adam\source\repos\game\game\debug\shapes.obj
c:\users\adam\source\repos\game\game\debug\mysoundengine.obj
c:\users\adam\source\repos\game\game\debug\myinputs.obj
c:\users\adam\source\repos\game\game\debug\gametimer.obj
c:\users\adam\source\repos\game\game\debug\errorlogger.obj
c:\users\adam\source\repos\game\game\debug\wincode.obj
c:\users\adam\source\repos\game\game\debug\spaceship.obj
c:\users\adam\source\repos\game\game\debug\objectmanager.obj
c:\users\adam\source\repos\game\game\debug\mydrawengine.obj
c:\users\adam\source\repos\game\game\debug\gameobject.obj
c:\users\adam\source\repos\game\game\debug\gamecode.obj
c:\users\adam\source\repos\game\game\debug\camera.obj
c:\users\adam\source\repos\game\game\debug\bullet.obj
c:\users\adam\source\repos\game\game\debug\buildmenu.obj
c:\users\adam\source\repos\game\game\debug\asteroid.obj
c:\users\adam\source\repos\game\debug\game.pdb
c:\users\adam\source\repos\game\game\debug\game.tlog\cl.command.1.tlog
c:\users\adam\source\repos\game\game\debug\game.tlog\cl.read.1.tlog
c:\users\adam\source\repos\game\game\debug\game.tlog\cl.write.1.tlog
c:\users\adam\source\repos\game\game\debug\game.tlog\link.28536-cvtres.read.1.tlog
c:\users\adam\source\repos\game\game\debug\game.tlog\link.28536-cvtres.write.1.tlog
c:\users\adam\source\repos\game\game\debug\game.tlog\link.28536-rc.read.1.tlog
c:\users\adam\source\repos\game\game\debug\game.tlog\link.28536-rc.write.1.tlog
c:\users\adam\source\repos\game\game\debug\game.tlog\link.28536.read.1.tlog
c:\users\adam\source\repos\game\game\debug\game.tlog\link.28536.write.1.tlog
c:\users\adam\source\repos\game\game\debug\game.tlog\link.command.1.tlog
c:\users\adam\source\repos\game\game\debug\game.tlog\link.read.1.tlog
c:\users\adam\source\repos\game\game\debug\game.tlog\link.write.1.tlog
