  AnimatedRenderComponent.cpp
  BulletPhysicsComponent.cpp
  camera.cpp
  CollisionComponent.cpp
  DoorInputComponent.cpp
  EnemyGameObject.cpp
  EnemyPhysicsComponent.cpp
  ErrorLogger.cpp
  ExplosionCollisionComponent.cpp
  Gun.cpp
  HUD.cpp
  InputComponent.cpp
  KeyInputComponent.cpp
  Mouse.cpp
  PhysicsComponent.cpp
  gamecode.cpp
C:\Users\Adam\source\repos\Game\Game\gamecode.cpp(26,16): warning C4244: 'initializing': conversion from 'time_t' to 'unsigned int', possible loss of data
  GameObject.cpp
  gametimer.cpp
  mydrawengine.cpp
  myinputs.cpp
  Generating Code...
  Compiling...
  mysoundengine.cpp
  ObjectManager.cpp
  PlayerLegsInputComponent.cpp
  PlayerMainInputComponent.cpp
  RecurringRenderComponent.cpp
  RenderComponent.cpp
  Shapes.cpp
  ShieldCollisionComponent.cpp
  SoundFX.cpp
  vector2D.cpp
  wincode.cpp
  Generating Code...
  Game.vcxproj -> C:\Users\Adam\source\repos\Game\Debug\Game.exe
